2025-09-30 16:50:57,976 - INFO - Job started at Tue Sep 30 16:50:57 2025
2025-09-30 16:50:57,976 - INFO - Checking data file at file:///D:/c4-train.00000-of-01024-30K.json.gz...
2025-09-30 16:50:57,978 - INFO - Reading C4 dataset...
2025-09-30 16:51:00,467 - INFO - Setting up text preprocessing...
2025-09-30 16:51:00,536 - INFO - Building pipeline...
2025-09-30 16:51:00,536 - INFO - Fitting and transforming pipeline...
2025-09-30 16:51:01,814 - INFO - Converting features to string...
2025-09-30 16:51:01,848 - INFO - Saving results to results/lab17_pipeline_output.txt...
2025-09-30 16:51:03,168 - ERROR - Error occurred: [Errno 13] Permission denied: 'results/lab17_pipeline_output.txt'
2025-09-30 16:52:59,824 - INFO - Job started at Tue Sep 30 16:52:59 2025
2025-09-30 16:52:59,826 - INFO - Checking data file at file:///D:/c4-train.00000-of-01024-30K.json.gz...
2025-09-30 16:52:59,826 - INFO - Reading C4 dataset...
2025-09-30 16:53:02,342 - INFO - Setting up text preprocessing...
2025-09-30 16:53:02,407 - INFO - Building pipeline...
2025-09-30 16:53:02,407 - INFO - Fitting and transforming pipeline...
2025-09-30 16:53:03,737 - INFO - Converting features to string...
2025-09-30 16:53:03,776 - INFO - Saving results to results/lab17_pipeline_output.txt...
2025-09-30 16:53:05,100 - ERROR - Error occurred: [Errno 13] Permission denied: 'results/lab17_pipeline_output.txt'
2025-09-30 16:54:58,737 - INFO - Job started at Tue Sep 30 16:54:58 2025
2025-09-30 16:54:58,739 - INFO - Checking data file at file:///D:/c4-train.00000-of-01024-30K.json.gz...
2025-09-30 16:54:58,740 - INFO - Reading C4 dataset...
2025-09-30 16:55:01,334 - INFO - Setting up text preprocessing...
2025-09-30 16:55:01,402 - INFO - Building pipeline...
2025-09-30 16:55:01,403 - INFO - Fitting and transforming pipeline...
2025-09-30 16:55:02,783 - INFO - Converting features to string...
2025-09-30 16:55:02,822 - INFO - Saving results to results/lab17_pipeline_output.txt...
2025-09-30 16:55:04,339 - ERROR - Error occurred: [Errno 13] Permission denied: 'results/lab17_pipeline_output.txt'
2025-09-30 16:58:28,270 - INFO - Job started at Tue Sep 30 16:58:28 2025
2025-09-30 16:58:28,273 - INFO - Checking data file at file:///D:/c4-train.00000-of-01024-30K.json.gz...
2025-09-30 16:58:28,274 - INFO - Reading C4 dataset...
2025-09-30 16:58:30,758 - INFO - Setting up text preprocessing...
2025-09-30 16:58:30,829 - INFO - Building pipeline...
2025-09-30 16:58:30,830 - INFO - Fitting and transforming pipeline...
2025-09-30 16:58:32,251 - INFO - Converting features to string...
2025-09-30 16:58:32,289 - INFO - Saving results to results/lab17_pipeline_output.txt...
2025-09-30 16:58:33,623 - INFO - Job completed successfully at Tue Sep 30 16:58:33 2025
